?   	github.com/vishwanathj/protovnfdparser/cmd/app	[no test files]
?   	github.com/vishwanathj/protovnfdparser/pkg/dataaccess	[no test files]
=== RUN   TestMakeFirstHref
--- PASS: TestMakeFirstHref (0.00s)
=== RUN   TestMakeFirstHrefWhenQueryObjectIsPassedIn
--- PASS: TestMakeFirstHrefWhenQueryObjectIsPassedIn (0.00s)
=== RUN   TestMakeNextHref
--- PASS: TestMakeNextHref (0.00s)
=== RUN   TestMakeNextHrefWhenQueryObjectIsPassedIn
--- PASS: TestMakeNextHrefWhenQueryObjectIsPassedIn (0.00s)
PASS
coverage: 85.7% of statements
ok  	github.com/vishwanathj/protovnfdparser/pkg/models	0.019s	coverage: 85.7% of statements
?   	github.com/vishwanathj/protovnfdparser/pkg/mongo	[no test files]
?   	github.com/vishwanathj/protovnfdparser/pkg/server	[no test files]
?   	github.com/vishwanathj/protovnfdparser/pkg/service	[no test files]
=== RUN   TestValidatePaginatedVnfdsInstancesBody
=== RUN   TestValidatePaginatedVnfdsInstancesBody/0:Positive:_yaml_file
=== RUN   TestValidatePaginatedVnfdsInstancesBody/1:Positive:_json_file
=== RUN   TestValidatePaginatedVnfdsInstancesBody/2:Negative:_yaml_file
time="2020-01-16T16:13:48-06:00" level=error SchemaValidateInterfaceError="I[#] S[#/$ref] doesn't validate with \"/Users/vishwanathjayaraman/go/src/github.com/vishwanathj/protovnfdparser/pkg/schema/vnfdPaginatedInstanceSchema.json#/vnfdsPaginatedInstances\"\n  I[#] S[#/vnfdsPaginatedInstances/required] missing properties: \"first\""
time="2020-01-16T16:13:48-06:00" level=error SchemaValidateInterfaceError="I[#] S[#/$ref] doesn't validate with \"/Users/vishwanathjayaraman/go/src/github.com/vishwanathj/protovnfdparser/pkg/schema/vnfdPaginatedInstanceSchema.json#/vnfdsPaginatedInstances\"\n  I[#] S[#/vnfdsPaginatedInstances/required] missing properties: \"limit\""
time="2020-01-16T16:13:48-06:00" level=error SchemaValidateInterfaceError="I[#] S[#/$ref] doesn't validate with \"/Users/vishwanathjayaraman/go/src/github.com/vishwanathj/protovnfdparser/pkg/schema/vnfdPaginatedInstanceSchema.json#/vnfdsPaginatedInstances\"\n  I[#/total_count] S[#/vnfdsPaginatedInstances/properties/total_count/minimum] must be >= 0 but found -1"
time="2020-01-16T16:13:48-06:00" level=error SchemaValidateInterfaceError="I[#] S[#/$ref] doesn't validate with \"/Users/vishwanathjayaraman/go/src/github.com/vishwanathj/protovnfdparser/pkg/schema/vnfdPaginatedInstanceSchema.json#/vnfdsPaginatedInstances\"\n  I[#/total_count] S[#/vnfdsPaginatedInstances/properties/total_count/maximum] must be <= 10000 but found 10001"
time="2020-01-16T16:13:48-06:00" level=error SchemaValidateInterfaceError="I[#] S[#/$ref] doesn't validate with \"/Users/vishwanathjayaraman/go/src/github.com/vishwanathj/protovnfdparser/pkg/schema/vnfdPaginatedInstanceSchema.json#/vnfdsPaginatedInstances\"\n  I[#] S[#/vnfdsPaginatedInstances/required] missing properties: \"total_count\""
=== RUN   TestValidatePaginatedVnfdsInstancesBody/3:Negative:_json_file
--- PASS: TestValidatePaginatedVnfdsInstancesBody (0.01s)
    --- PASS: TestValidatePaginatedVnfdsInstancesBody/0:Positive:_yaml_file (0.00s)
        utils_test.go:128: Success
        utils_test.go:128: Success
        utils_test.go:128: Success
    --- PASS: TestValidatePaginatedVnfdsInstancesBody/1:Positive:_json_file (0.00s)
    --- PASS: TestValidatePaginatedVnfdsInstancesBody/2:Negative:_yaml_file (0.01s)
        utils_test.go:130:   I[#] S[#/vnfdsPaginatedInstances/required] missing properties: "first"
        utils_test.go:130:   I[#] S[#/vnfdsPaginatedInstances/required] missing properties: "limit"
        utils_test.go:130:   I[#/total_count] S[#/vnfdsPaginatedInstances/properties/total_count/minimum] must be >= 0 but found -1
        utils_test.go:130:   I[#/total_count] S[#/vnfdsPaginatedInstances/properties/total_count/maximum] must be <= 10000 but found 10001
        utils_test.go:130:   I[#] S[#/vnfdsPaginatedInstances/required] missing properties: "total_count"
    --- PASS: TestValidatePaginatedVnfdsInstancesBody/3:Negative:_json_file (0.00s)
=== RUN   TestValidateVnfdPostBody
=== RUN   TestValidateVnfdPostBody/0:Positive:_parameterized_input_->_yaml_files
=== RUN   TestValidateVnfdPostBody/1:Positive:_parameterized_input_->_json_files
=== RUN   TestValidateVnfdPostBody/2:Negative:_parameterized_input_->_yaml_files
time="2020-01-16T16:13:48-06:00" level=error SchemaValidateInterfaceError="I[#] S[#/$ref] doesn't validate with \"/Users/vishwanathjayaraman/go/src/github.com/vishwanathj/protovnfdparser/pkg/schema/vnfdInputSchema.json#/vnfdInput\"\n  I[#/vdus/0] S[#/vnfdInput/properties/vdus/items/$ref] doesn't validate with \"/Users/vishwanathjayaraman/go/src/github.com/vishwanathj/protovnfdparser/pkg/schema/vnfdDefine.json#/vnfdDefine/vdu\"\n    I[#/vdus/0] S[#/vnfdDefine/vdu/additionalProperties] additionalProperties \"foo\" not allowed"
time="2020-01-16T16:13:48-06:00" level=error SchemaValidateInterfaceError="I[#] S[#/$ref] doesn't validate with \"/Users/vishwanathjayaraman/go/src/github.com/vishwanathj/protovnfdparser/pkg/schema/vnfdInputSchema.json#/vnfdInput\"\n  I[#/vdus/0] S[#/vnfdInput/properties/vdus/items/$ref] doesn't validate with \"/Users/vishwanathjayaraman/go/src/github.com/vishwanathj/protovnfdparser/pkg/schema/vnfdDefine.json#/vnfdDefine/vdu\"\n    I[#/vdus/0/vnfcs/1] S[#/vnfdDefine/vdu/properties/vnfcs/items/$ref] doesn't validate with \"#/vnfdDefine/vnfc\"\n      I[#/vdus/0/vnfcs/1/connection_points/0] S[#/vnfdDefine/vnfc/properties/connection_points/items/required] missing properties: \"virtualLinkReference\""
time="2020-01-16T16:13:48-06:00" level=error SchemaValidateInterfaceError="I[#] S[#/$ref] doesn't validate with \"/Users/vishwanathjayaraman/go/src/github.com/vishwanathj/protovnfdparser/pkg/schema/vnfdInputSchema.json#/vnfdInput\"\n  I[#] S[#/vnfdInput/required] missing properties: \"virtual_links\""
time="2020-01-16T16:13:48-06:00" level=error SchemaValidateInterfaceError="I[#] S[#/$ref] doesn't validate with \"/Users/vishwanathjayaraman/go/src/github.com/vishwanathj/protovnfdparser/pkg/schema/vnfdInputSchema.json#/vnfdInput\"\n  I[#/vdus/0] S[#/vnfdInput/properties/vdus/items/$ref] doesn't validate with \"/Users/vishwanathjayaraman/go/src/github.com/vishwanathj/protovnfdparser/pkg/schema/vnfdDefine.json#/vnfdDefine/vdu\"\n    I[#/vdus/0] S[#/vnfdDefine/vdu/required] missing properties: \"vcpus\""
time="2020-01-16T16:13:48-06:00" level=error SchemaValidateInterfaceError="I[#] S[#/$ref] doesn't validate with \"/Users/vishwanathjayaraman/go/src/github.com/vishwanathj/protovnfdparser/pkg/schema/vnfdInputSchema.json#/vnfdInput\"\n  I[#/vdus/0] S[#/vnfdInput/properties/vdus/items/$ref] doesn't validate with \"/Users/vishwanathjayaraman/go/src/github.com/vishwanathj/protovnfdparser/pkg/schema/vnfdDefine.json#/vnfdDefine/vdu\"\n    I[#/vdus/0] S[#/vnfdDefine/vdu/required] missing properties: \"vnfcs\""
time="2020-01-16T16:13:48-06:00" level=error SchemaValidateInterfaceError="I[#] S[#/$ref] doesn't validate with \"/Users/vishwanathjayaraman/go/src/github.com/vishwanathj/protovnfdparser/pkg/schema/vnfdInputSchema.json#/vnfdInput\"\n  I[#/vdus/0] S[#/vnfdInput/properties/vdus/items/$ref] doesn't validate with \"/Users/vishwanathjayaraman/go/src/github.com/vishwanathj/protovnfdparser/pkg/schema/vnfdDefine.json#/vnfdDefine/vdu\"\n    I[#/vdus/0/scale_in_out] S[#/vnfdDefine/vdu/properties/scale_in_out/required] missing properties: \"default\""
=== RUN   TestValidateVnfdPostBody/3:Negative:_parameterized_input_->_json_files
=== RUN   TestValidateVnfdPostBody/4:Positive:_non-parameterized_input_->_yaml_files
=== RUN   TestValidateVnfdPostBody/5:Positive:_non-parameterized_input_->_json_files
=== RUN   TestValidateVnfdPostBody/6:Negative:_non-parameterized_input_->_yaml_files
time="2020-01-16T16:13:48-06:00" level=error SchemaValidateInterfaceError="I[#] S[#/$ref] doesn't validate with \"/Users/vishwanathjayaraman/go/src/github.com/vishwanathj/protovnfdparser/pkg/schema/vnfdInputSchema.json#/vnfdInput\"\n  I[#/vdus/0] S[#/vnfdInput/properties/vdus/items/$ref] doesn't validate with \"/Users/vishwanathjayaraman/go/src/github.com/vishwanathj/protovnfdparser/pkg/schema/vnfdDefine.json#/vnfdDefine/vdu\"\n    I[#/vdus/0/constraints/dedicated] S[#/vnfdDefine/vdu/properties/constraints/properties/dedicated/oneOf] oneOf failed\n      I[#/vdus/0/constraints/dedicated] S[#/vnfdDefine/vdu/properties/constraints/properties/dedicated/oneOf/0/pattern] does not match pattern \"^\\\\$[A-Za-z][-A-Za-z0-9_]*$\"\n      I[#/vdus/0/constraints/dedicated] S[#/vnfdDefine/vdu/properties/constraints/properties/dedicated/oneOf/1/type] expected boolean, but got string"
time="2020-01-16T16:13:48-06:00" level=error SchemaValidateInterfaceError="I[#] S[#/$ref] doesn't validate with \"/Users/vishwanathjayaraman/go/src/github.com/vishwanathj/protovnfdparser/pkg/schema/vnfdInputSchema.json#/vnfdInput\"\n  I[#/vdus/0] S[#/vnfdInput/properties/vdus/items/$ref] doesn't validate with \"/Users/vishwanathjayaraman/go/src/github.com/vishwanathj/protovnfdparser/pkg/schema/vnfdDefine.json#/vnfdDefine/vdu\"\n    I[#/vdus/0/constraints/vim_id] S[#/vnfdDefine/vdu/properties/constraints/properties/vim_id/oneOf] oneOf failed\n      I[#/vdus/0/constraints/vim_id] S[#/vnfdDefine/vdu/properties/constraints/properties/vim_id/oneOf/0/pattern] does not match pattern \"^\\\\$[A-Za-z][-A-Za-z0-9_]*$\"\n      I[#/vdus/0/constraints/vim_id] S[#/vnfdDefine/vdu/properties/constraints/properties/vim_id/oneOf/1/enum] value must be one of \"SoftLayer\", \"OpenStack\""
time="2020-01-16T16:13:48-06:00" level=error SchemaValidateInterfaceError="I[#] S[#/$ref] doesn't validate with \"/Users/vishwanathjayaraman/go/src/github.com/vishwanathj/protovnfdparser/pkg/schema/vnfdInputSchema.json#/vnfdInput\"\n  I[#/vdus/0] S[#/vnfdInput/properties/vdus/items/$ref] doesn't validate with \"/Users/vishwanathjayaraman/go/src/github.com/vishwanathj/protovnfdparser/pkg/schema/vnfdDefine.json#/vnfdDefine/vdu\"\n    I[#/vdus/0/disk_size] S[#/vnfdDefine/vdu/properties/disk_size/oneOf] oneOf failed\n      I[#/vdus/0/disk_size] S[#/vnfdDefine/vdu/properties/disk_size/oneOf/0/type] expected string, but got number\n      I[#/vdus/0/disk_size] S[#/vnfdDefine/vdu/properties/disk_size/oneOf/1/maximum] must be <= 1000 but found 1200"
time="2020-01-16T16:13:48-06:00" level=error SchemaValidateInterfaceError="I[#] S[#/$ref] doesn't validate with \"/Users/vishwanathjayaraman/go/src/github.com/vishwanathj/protovnfdparser/pkg/schema/vnfdInputSchema.json#/vnfdInput\"\n  I[#/vdus/0] S[#/vnfdInput/properties/vdus/items/$ref] doesn't validate with \"/Users/vishwanathjayaraman/go/src/github.com/vishwanathj/protovnfdparser/pkg/schema/vnfdDefine.json#/vnfdDefine/vdu\"\n    I[#/vdus/0/disk_size] S[#/vnfdDefine/vdu/properties/disk_size/oneOf] oneOf failed\n      I[#/vdus/0/disk_size] S[#/vnfdDefine/vdu/properties/disk_size/oneOf/0/type] expected string, but got number\n      I[#/vdus/0/disk_size] S[#/vnfdDefine/vdu/properties/disk_size/oneOf/1/minimum] must be >= 100 but found 80"
time="2020-01-16T16:13:48-06:00" level=error SchemaValidateInterfaceError="I[#] S[#/$ref] doesn't validate with \"/Users/vishwanathjayaraman/go/src/github.com/vishwanathj/protovnfdparser/pkg/schema/vnfdInputSchema.json#/vnfdInput\"\n  I[#/vdus/0] S[#/vnfdInput/properties/vdus/items/$ref] doesn't validate with \"/Users/vishwanathjayaraman/go/src/github.com/vishwanathj/protovnfdparser/pkg/schema/vnfdDefine.json#/vnfdDefine/vdu\"\n    I[#/vdus/0/disk_size] S[#/vnfdDefine/vdu/properties/disk_size/oneOf] oneOf failed\n      I[#/vdus/0/disk_size] S[#/vnfdDefine/vdu/properties/disk_size/oneOf/0/type] expected string, but got number\n      I[#/vdus/0/disk_size] S[#/vnfdDefine/vdu/properties/disk_size/oneOf/1/multipleOf] 125 not multipleOf 10"
time="2020-01-16T16:13:48-06:00" level=error SchemaValidateInterfaceError="I[#] S[#/$ref] doesn't validate with \"/Users/vishwanathjayaraman/go/src/github.com/vishwanathj/protovnfdparser/pkg/schema/vnfdInputSchema.json#/vnfdInput\"\n  I[#/vdus/0] S[#/vnfdInput/properties/vdus/items/$ref] doesn't validate with \"/Users/vishwanathjayaraman/go/src/github.com/vishwanathj/protovnfdparser/pkg/schema/vnfdDefine.json#/vnfdDefine/vdu\"\n    I[#/vdus/0/high_availability] S[#/vnfdDefine/vdu/properties/high_availability/oneOf] oneOf failed\n      I[#/vdus/0/high_availability] S[#/vnfdDefine/vdu/properties/high_availability/oneOf/0/pattern] does not match pattern \"^\\\\$[A-Za-z][-A-Za-z0-9_]*$\"\n      I[#/vdus/0/high_availability] S[#/vnfdDefine/vdu/properties/high_availability/oneOf/1/enum] value must be one of \"ActivePassive\", \"ActiveActive\""
time="2020-01-16T16:13:48-06:00" level=error SchemaValidateInterfaceError="I[#] S[#/$ref] doesn't validate with \"/Users/vishwanathjayaraman/go/src/github.com/vishwanathj/protovnfdparser/pkg/schema/vnfdInputSchema.json#/vnfdInput\"\n  I[#/vdus/0] S[#/vnfdInput/properties/vdus/items/$ref] doesn't validate with \"/Users/vishwanathjayaraman/go/src/github.com/vishwanathj/protovnfdparser/pkg/schema/vnfdDefine.json#/vnfdDefine/vdu\"\n    I[#/vdus/0/vnfcs/0] S[#/vnfdDefine/vdu/properties/vnfcs/items/$ref] doesn't validate with \"#/vnfdDefine/vnfc\"\n      I[#/vdus/0/vnfcs/0/connection_points/0/ip_address] S[#/vnfdDefine/vnfc/properties/connection_points/items/properties/ip_address/oneOf] oneOf failed\n        I[#/vdus/0/vnfcs/0/connection_points/0/ip_address] S[#/vnfdDefine/vnfc/properties/connection_points/items/properties/ip_address/oneOf/0/pattern] does not match pattern \"^\\\\$[A-Za-z][-A-Za-z0-9_]*$\"\n        I[#/vdus/0/vnfcs/0/connection_points/0/ip_address] S[#/vnfdDefine/vnfc/properties/connection_points/items/properties/ip_address/oneOf/1/format] \"169.20.128.299\" is not valid \"ip-address\""
time="2020-01-16T16:13:48-06:00" level=error SchemaValidateInterfaceError="I[#] S[#/$ref] doesn't validate with \"/Users/vishwanathjayaraman/go/src/github.com/vishwanathj/protovnfdparser/pkg/schema/vnfdInputSchema.json#/vnfdInput\"\n  I[#/vdus/0] S[#/vnfdInput/properties/vdus/items/$ref] doesn't validate with \"/Users/vishwanathjayaraman/go/src/github.com/vishwanathj/protovnfdparser/pkg/schema/vnfdDefine.json#/vnfdDefine/vdu\"\n    I[#/vdus/0/image] S[#/vnfdDefine/vdu/properties/image/oneOf] oneOf failed\n      I[#/vdus/0/image] S[#/vnfdDefine/vdu/properties/image/oneOf/0/pattern] does not match pattern \"^\\\\$[A-Za-z][-A-Za-z0-9_]*$\"\n      I[#/vdus/0/image] S[#/vnfdDefine/vdu/properties/image/oneOf/1/pattern] does not match pattern \"^[A-Za-z][-A-Za-z0-9_.]*$\""
time="2020-01-16T16:13:48-06:00" level=error SchemaValidateInterfaceError="I[#] S[#/$ref] doesn't validate with \"/Users/vishwanathjayaraman/go/src/github.com/vishwanathj/protovnfdparser/pkg/schema/vnfdInputSchema.json#/vnfdInput\"\n  I[#/vdus/0] S[#/vnfdInput/properties/vdus/items/$ref] doesn't validate with \"/Users/vishwanathjayaraman/go/src/github.com/vishwanathj/protovnfdparser/pkg/schema/vnfdDefine.json#/vnfdDefine/vdu\"\n    I[#/vdus/0/memory] S[#/vnfdDefine/vdu/properties/memory/oneOf] oneOf failed\n      I[#/vdus/0/memory] S[#/vnfdDefine/vdu/properties/memory/oneOf/0/type] expected string, but got number\n      I[#/vdus/0/memory] S[#/vnfdDefine/vdu/properties/memory/oneOf/1/maximum] must be <= 16384 but found 51200"
time="2020-01-16T16:13:48-06:00" level=error SchemaValidateInterfaceError="I[#] S[#/$ref] doesn't validate with \"/Users/vishwanathjayaraman/go/src/github.com/vishwanathj/protovnfdparser/pkg/schema/vnfdInputSchema.json#/vnfdInput\"\n  I[#/vdus/0] S[#/vnfdInput/properties/vdus/items/$ref] doesn't validate with \"/Users/vishwanathjayaraman/go/src/github.com/vishwanathj/protovnfdparser/pkg/schema/vnfdDefine.json#/vnfdDefine/vdu\"\n    I[#/vdus/0/memory] S[#/vnfdDefine/vdu/properties/memory/oneOf] oneOf failed\n      I[#/vdus/0/memory] S[#/vnfdDefine/vdu/properties/memory/oneOf/0/type] expected string, but got number\n      I[#/vdus/0/memory] S[#/vnfdDefine/vdu/properties/memory/oneOf/1] validation failed\n        I[#/vdus/0/memory] S[#/vnfdDefine/vdu/properties/memory/oneOf/1/minimum] must be >= 512 but found 256\n        I[#/vdus/0/memory] S[#/vnfdDefine/vdu/properties/memory/oneOf/1/multipleOf] 256 not multipleOf 512"
time="2020-01-16T16:13:48-06:00" level=error SchemaValidateInterfaceError="I[#] S[#/$ref] doesn't validate with \"/Users/vishwanathjayaraman/go/src/github.com/vishwanathj/protovnfdparser/pkg/schema/vnfdInputSchema.json#/vnfdInput\"\n  I[#/vdus/0] S[#/vnfdInput/properties/vdus/items/$ref] doesn't validate with \"/Users/vishwanathjayaraman/go/src/github.com/vishwanathj/protovnfdparser/pkg/schema/vnfdDefine.json#/vnfdDefine/vdu\"\n    I[#/vdus/0/memory] S[#/vnfdDefine/vdu/properties/memory/oneOf] oneOf failed\n      I[#/vdus/0/memory] S[#/vnfdDefine/vdu/properties/memory/oneOf/0/type] expected string, but got number\n      I[#/vdus/0/memory] S[#/vnfdDefine/vdu/properties/memory/oneOf/1/multipleOf] 1260 not multipleOf 512"
time="2020-01-16T16:13:48-06:00" level=error SchemaValidateInterfaceError="I[#] S[#/$ref] doesn't validate with \"/Users/vishwanathjayaraman/go/src/github.com/vishwanathj/protovnfdparser/pkg/schema/vnfdInputSchema.json#/vnfdInput\"\n  I[#/name] S[#/vnfdInput/properties/name/pattern] does not match pattern \"^[A-Za-z][-A-Za-z0-9_]*$\""
time="2020-01-16T16:13:48-06:00" level=error SchemaValidateInterfaceError="I[#] S[#/$ref] doesn't validate with \"/Users/vishwanathjayaraman/go/src/github.com/vishwanathj/protovnfdparser/pkg/schema/vnfdInputSchema.json#/vnfdInput\"\n  I[#/vdus/0] S[#/vnfdInput/properties/vdus/items/$ref] doesn't validate with \"/Users/vishwanathjayaraman/go/src/github.com/vishwanathj/protovnfdparser/pkg/schema/vnfdDefine.json#/vnfdDefine/vdu\"\n    I[#/vdus/0/scale_in_out/minimum] S[#/vnfdDefine/vdu/properties/scale_in_out/properties/minimum/oneOf] oneOf failed\n      I[#/vdus/0/scale_in_out/minimum] S[#/vnfdDefine/vdu/properties/scale_in_out/properties/minimum/oneOf/0/type] expected string, but got number\n      I[#/vdus/0/scale_in_out/minimum] S[#/vnfdDefine/vdu/properties/scale_in_out/properties/minimum/oneOf/1/maximum] must be <= 16 but found 17"
time="2020-01-16T16:13:48-06:00" level=error SchemaValidateInterfaceError="I[#] S[#/$ref] doesn't validate with \"/Users/vishwanathjayaraman/go/src/github.com/vishwanathj/protovnfdparser/pkg/schema/vnfdInputSchema.json#/vnfdInput\"\n  I[#/vdus/0] S[#/vnfdInput/properties/vdus/items/$ref] doesn't validate with \"/Users/vishwanathjayaraman/go/src/github.com/vishwanathj/protovnfdparser/pkg/schema/vnfdDefine.json#/vnfdDefine/vdu\"\n    I[#/vdus/0/scale_in_out/maximum] S[#/vnfdDefine/vdu/properties/scale_in_out/properties/maximum/oneOf] oneOf failed\n      I[#/vdus/0/scale_in_out/maximum] S[#/vnfdDefine/vdu/properties/scale_in_out/properties/maximum/oneOf/0/type] expected string, but got number\n      I[#/vdus/0/scale_in_out/maximum] S[#/vnfdDefine/vdu/properties/scale_in_out/properties/maximum/oneOf/1/minimum] must be >= 1 but found 0"
time="2020-01-16T16:13:48-06:00" level=error SchemaValidateInterfaceError="I[#] S[#/$ref] doesn't validate with \"/Users/vishwanathjayaraman/go/src/github.com/vishwanathj/protovnfdparser/pkg/schema/vnfdInputSchema.json#/vnfdInput\"\n  I[#/vdus/0] S[#/vnfdInput/properties/vdus/items/$ref] doesn't validate with \"/Users/vishwanathjayaraman/go/src/github.com/vishwanathj/protovnfdparser/pkg/schema/vnfdDefine.json#/vnfdDefine/vdu\"\n    I[#/vdus/0/scale_in_out/default] S[#/vnfdDefine/vdu/properties/scale_in_out/properties/default/oneOf] oneOf failed\n      I[#/vdus/0/scale_in_out/default] S[#/vnfdDefine/vdu/properties/scale_in_out/properties/default/oneOf/0/type] expected string, but got number\n      I[#/vdus/0/scale_in_out/default] S[#/vnfdDefine/vdu/properties/scale_in_out/properties/default/oneOf/1/type] expected integer, but got number"
time="2020-01-16T16:13:48-06:00" level=error SchemaValidateInterfaceError="I[#] S[#/$ref] doesn't validate with \"/Users/vishwanathjayaraman/go/src/github.com/vishwanathj/protovnfdparser/pkg/schema/vnfdInputSchema.json#/vnfdInput\"\n  I[#/vdus/0] S[#/vnfdInput/properties/vdus/items/$ref] doesn't validate with \"/Users/vishwanathjayaraman/go/src/github.com/vishwanathj/protovnfdparser/pkg/schema/vnfdDefine.json#/vnfdDefine/vdu\"\n    I[#/vdus/0/vcpus] S[#/vnfdDefine/vdu/properties/vcpus/oneOf] oneOf failed\n      I[#/vdus/0/vcpus] S[#/vnfdDefine/vdu/properties/vcpus/oneOf/0/type] expected string, but got number\n      I[#/vdus/0/vcpus] S[#/vnfdDefine/vdu/properties/vcpus/oneOf/1] validation failed\n        I[#/vdus/0/vcpus] S[#/vnfdDefine/vdu/properties/vcpus/oneOf/1/maximum] must be <= 16 but found 17\n        I[#/vdus/0/vcpus] S[#/vnfdDefine/vdu/properties/vcpus/oneOf/1/multipleOf] 17 not multipleOf 2"
time="2020-01-16T16:13:48-06:00" level=error SchemaValidateInterfaceError="I[#] S[#/$ref] doesn't validate with \"/Users/vishwanathjayaraman/go/src/github.com/vishwanathj/protovnfdparser/pkg/schema/vnfdInputSchema.json#/vnfdInput\"\n  I[#/vdus/0] S[#/vnfdInput/properties/vdus/items/$ref] doesn't validate with \"/Users/vishwanathjayaraman/go/src/github.com/vishwanathj/protovnfdparser/pkg/schema/vnfdDefine.json#/vnfdDefine/vdu\"\n    I[#/vdus/0/vcpus] S[#/vnfdDefine/vdu/properties/vcpus/oneOf] oneOf failed\n      I[#/vdus/0/vcpus] S[#/vnfdDefine/vdu/properties/vcpus/oneOf/0/type] expected string, but got number\n      I[#/vdus/0/vcpus] S[#/vnfdDefine/vdu/properties/vcpus/oneOf/1] validation failed\n        I[#/vdus/0/vcpus] S[#/vnfdDefine/vdu/properties/vcpus/oneOf/1/minimum] must be >= 2 but found 1\n        I[#/vdus/0/vcpus] S[#/vnfdDefine/vdu/properties/vcpus/oneOf/1/multipleOf] 1 not multipleOf 2"
time="2020-01-16T16:13:48-06:00" level=error SchemaValidateInterfaceError="I[#] S[#/$ref] doesn't validate with \"/Users/vishwanathjayaraman/go/src/github.com/vishwanathj/protovnfdparser/pkg/schema/vnfdInputSchema.json#/vnfdInput\"\n  I[#/vdus/0] S[#/vnfdInput/properties/vdus/items/$ref] doesn't validate with \"/Users/vishwanathjayaraman/go/src/github.com/vishwanathj/protovnfdparser/pkg/schema/vnfdDefine.json#/vnfdDefine/vdu\"\n    I[#/vdus/0/vcpus] S[#/vnfdDefine/vdu/properties/vcpus/oneOf] oneOf failed\n      I[#/vdus/0/vcpus] S[#/vnfdDefine/vdu/properties/vcpus/oneOf/0/type] expected string, but got number\n      I[#/vdus/0/vcpus] S[#/vnfdDefine/vdu/properties/vcpus/oneOf/1/multipleOf] 3 not multipleOf 2"
=== RUN   TestValidateVnfdPostBody/7:Negative:_non-parameterized_input_->_json_files
--- PASS: TestValidateVnfdPostBody (0.05s)
    --- PASS: TestValidateVnfdPostBody/0:Positive:_parameterized_input_->_yaml_files (0.01s)
        utils_test.go:177: Success
        utils_test.go:177: Success
        utils_test.go:177: Success
        utils_test.go:177: Success
        utils_test.go:177: Success
    --- PASS: TestValidateVnfdPostBody/1:Positive:_parameterized_input_->_json_files (0.01s)
        utils_test.go:177: Success
        utils_test.go:177: Success
        utils_test.go:177: Success
        utils_test.go:177: Success
        utils_test.go:177: Success
    --- PASS: TestValidateVnfdPostBody/2:Negative:_parameterized_input_->_yaml_files (0.01s)
        utils_test.go:179:     I[#/vdus/0] S[#/vnfdDefine/vdu/additionalProperties] additionalProperties "foo" not allowed
        utils_test.go:179:       I[#/vdus/0/vnfcs/1/connection_points/0] S[#/vnfdDefine/vnfc/properties/connection_points/items/required] missing properties: "virtualLinkReference"
        utils_test.go:179:   I[#] S[#/vnfdInput/required] missing properties: "virtual_links"
        utils_test.go:179:     I[#/vdus/0] S[#/vnfdDefine/vdu/required] missing properties: "vcpus"
        utils_test.go:179:     I[#/vdus/0] S[#/vnfdDefine/vdu/required] missing properties: "vnfcs"
        utils_test.go:179:     I[#/vdus/0/scale_in_out] S[#/vnfdDefine/vdu/properties/scale_in_out/required] missing properties: "default"
    --- PASS: TestValidateVnfdPostBody/3:Negative:_parameterized_input_->_json_files (0.00s)
    --- PASS: TestValidateVnfdPostBody/4:Positive:_non-parameterized_input_->_yaml_files (0.00s)
        utils_test.go:177: Success
    --- PASS: TestValidateVnfdPostBody/5:Positive:_non-parameterized_input_->_json_files (0.00s)
        utils_test.go:177: Success
    --- PASS: TestValidateVnfdPostBody/6:Negative:_non-parameterized_input_->_yaml_files (0.03s)
        utils_test.go:179:       I[#/vdus/0/constraints/dedicated] S[#/vnfdDefine/vdu/properties/constraints/properties/dedicated/oneOf/1/type] expected boolean, but got string
        utils_test.go:179:       I[#/vdus/0/constraints/vim_id] S[#/vnfdDefine/vdu/properties/constraints/properties/vim_id/oneOf/1/enum] value must be one of "SoftLayer", "OpenStack"
        utils_test.go:179:       I[#/vdus/0/disk_size] S[#/vnfdDefine/vdu/properties/disk_size/oneOf/1/maximum] must be <= 1000 but found 1200
        utils_test.go:179:       I[#/vdus/0/disk_size] S[#/vnfdDefine/vdu/properties/disk_size/oneOf/1/minimum] must be >= 100 but found 80
        utils_test.go:179:       I[#/vdus/0/disk_size] S[#/vnfdDefine/vdu/properties/disk_size/oneOf/1/multipleOf] 125 not multipleOf 10
        utils_test.go:179:       I[#/vdus/0/high_availability] S[#/vnfdDefine/vdu/properties/high_availability/oneOf/1/enum] value must be one of "ActivePassive", "ActiveActive"
        utils_test.go:179:         I[#/vdus/0/vnfcs/0/connection_points/0/ip_address] S[#/vnfdDefine/vnfc/properties/connection_points/items/properties/ip_address/oneOf/1/format] "169.20.128.299" is not valid "ip-address"
        utils_test.go:179:       I[#/vdus/0/image] S[#/vnfdDefine/vdu/properties/image/oneOf/1/pattern] does not match pattern "^[A-Za-z][-A-Za-z0-9_.]*$"
        utils_test.go:179:       I[#/vdus/0/memory] S[#/vnfdDefine/vdu/properties/memory/oneOf/1/maximum] must be <= 16384 but found 51200
        utils_test.go:179:         I[#/vdus/0/memory] S[#/vnfdDefine/vdu/properties/memory/oneOf/1/multipleOf] 256 not multipleOf 512
        utils_test.go:179:       I[#/vdus/0/memory] S[#/vnfdDefine/vdu/properties/memory/oneOf/1/multipleOf] 1260 not multipleOf 512
        utils_test.go:179:   I[#/name] S[#/vnfdInput/properties/name/pattern] does not match pattern "^[A-Za-z][-A-Za-z0-9_]*$"
        utils_test.go:179:       I[#/vdus/0/scale_in_out/minimum] S[#/vnfdDefine/vdu/properties/scale_in_out/properties/minimum/oneOf/1/maximum] must be <= 16 but found 17
        utils_test.go:179:       I[#/vdus/0/scale_in_out/maximum] S[#/vnfdDefine/vdu/properties/scale_in_out/properties/maximum/oneOf/1/minimum] must be >= 1 but found 0
        utils_test.go:179:       I[#/vdus/0/scale_in_out/default] S[#/vnfdDefine/vdu/properties/scale_in_out/properties/default/oneOf/1/type] expected integer, but got number
        utils_test.go:179:         I[#/vdus/0/vcpus] S[#/vnfdDefine/vdu/properties/vcpus/oneOf/1/multipleOf] 17 not multipleOf 2
        utils_test.go:179:         I[#/vdus/0/vcpus] S[#/vnfdDefine/vdu/properties/vcpus/oneOf/1/multipleOf] 1 not multipleOf 2
        utils_test.go:179:       I[#/vdus/0/vcpus] S[#/vnfdDefine/vdu/properties/vcpus/oneOf/1/multipleOf] 3 not multipleOf 2
    --- PASS: TestValidateVnfdPostBody/7:Negative:_non-parameterized_input_->_json_files (0.00s)
=== RUN   TestValidateVnfdInstanceBody
=== RUN   TestValidateVnfdInstanceBody/0:Positive:_Valid_parameterized_instance_->_yaml_files
=== RUN   TestValidateVnfdInstanceBody/1:Positive:_Valid_parameterized_instance_->_json_files
=== RUN   TestValidateVnfdInstanceBody/2:Negative:_Invalid_parameterized_instance_->_yaml_files
time="2020-01-16T16:13:48-06:00" level=error SchemaValidateInterfaceError="I[#] S[#/$ref] doesn't validate with \"/Users/vishwanathjayaraman/go/src/github.com/vishwanathj/protovnfdparser/pkg/schema/vnfdInstanceSchema.json#/vnfdInstance\"\n  I[#] S[#/vnfdInstance/additionalProperties] additionalProperties \"foo\" not allowed"
time="2020-01-16T16:13:48-06:00" level=error SchemaValidateInterfaceError="I[#] S[#/$ref] doesn't validate with \"/Users/vishwanathjayaraman/go/src/github.com/vishwanathj/protovnfdparser/pkg/schema/vnfdInstanceSchema.json#/vnfdInstance\"\n  I[#/created_at] S[#/vnfdInstance/properties/created_at/format] \"2018--23T06:01:51.302Z\" is not valid \"date-time\""
time="2020-01-16T16:13:48-06:00" level=error SchemaValidateInterfaceError="I[#] S[#/$ref] doesn't validate with \"/Users/vishwanathjayaraman/go/src/github.com/vishwanathj/protovnfdparser/pkg/schema/vnfdInstanceSchema.json#/vnfdInstance\"\n  I[#/id] S[#/vnfdInstance/properties/id/pattern] does not match pattern \"^VNFD-[a-fA-F0-9]{8}-[a-fA-F0-9]{4}-[a-fA-F0-9]{4}-[a-fA-F0-9]{4}-[a-fA-F0-9]{12}$\""
time="2020-01-16T16:13:48-06:00" level=error SchemaValidateInterfaceError="I[#] S[#/$ref] doesn't validate with \"/Users/vishwanathjayaraman/go/src/github.com/vishwanathj/protovnfdparser/pkg/schema/vnfdInstanceSchema.json#/vnfdInstance\"\n  I[#/status] S[#/vnfdInstance/properties/status/enum] value must be \"available\""
=== RUN   TestValidateVnfdInstanceBody/3:Negative:_Invalid_parameterized_instance_->_json_files
--- PASS: TestValidateVnfdInstanceBody (0.01s)
    --- PASS: TestValidateVnfdInstanceBody/0:Positive:_Valid_parameterized_instance_->_yaml_files (0.00s)
        utils_test.go:223: Success
        utils_test.go:223: Success
    --- PASS: TestValidateVnfdInstanceBody/1:Positive:_Valid_parameterized_instance_->_json_files (0.00s)
    --- PASS: TestValidateVnfdInstanceBody/2:Negative:_Invalid_parameterized_instance_->_yaml_files (0.01s)
        utils_test.go:225:   I[#] S[#/vnfdInstance/additionalProperties] additionalProperties "foo" not allowed
        utils_test.go:225:   I[#/created_at] S[#/vnfdInstance/properties/created_at/format] "2018--23T06:01:51.302Z" is not valid "date-time"
        utils_test.go:225:   I[#/id] S[#/vnfdInstance/properties/id/pattern] does not match pattern "^VNFD-[a-fA-F0-9]{8}-[a-fA-F0-9]{4}-[a-fA-F0-9]{4}-[a-fA-F0-9]{4}-[a-fA-F0-9]{12}$"
        utils_test.go:225:   I[#/status] S[#/vnfdInstance/properties/status/enum] value must be "available"
    --- PASS: TestValidateVnfdInstanceBody/3:Negative:_Invalid_parameterized_instance_->_json_files (0.00s)
=== RUN   TestValidateInputParamAgainstParameterizedVnfd
=== RUN   TestValidateInputParamAgainstParameterizedVnfd/0:Positive:_inputParamConstraintsMissing
{"additionalProperties":false,"properties":{"def":{"maximum":16,"minimum":1,"multipleOf":1,"type":"integer"},"disk_size":{"maximum":1000,"minimum":100,"multipleOf":10,"type":"integer"},"haval":{"enum":["ActivePassive","ActiveActive"],"type":"string"},"image":{"pattern":"^[A-Za-z][-A-Za-z0-9_.]*$","type":"string"},"max":{"maximum":16,"minimum":1,"multipleOf":1,"type":"integer"},"memory":{"maximum":16384,"minimum":512,"multipleOf":512,"type":"integer"},"min":{"maximum":16,"minimum":1,"multipleOf":1,"type":"integer"},"name":{"pattern":"^[A-Za-z][-A-Za-z0-9_]*$","type":"string"},"vcpus":{"maximum":16,"minimum":2,"multipleOf":2,"type":"integer"},"vdu1_vnfc1_mgmt":{"format":"ip-address","type":"string"},"vdu1_work_net":{"format":"ip-address","type":"string"},"vnfd_id":{"pattern":"^VNFD-[a-fA-F0-9]{8}-[a-fA-F0-9]{4}-[a-fA-F0-9]{4}-[a-fA-F0-9]{4}-[a-fA-F0-9]{12}$","type":"string"}},"required":["memory","def","vdu1_vnfc1_mgmt","vcpus","image","haval","min","max","vdu1_work_net","disk_size","vnfd_id","name"],"type":"object"}
=== RUN   TestValidateInputParamAgainstParameterizedVnfd/1:Positive:_inputParamHAMissing
{"additionalProperties":false,"properties":{"dedval":{"type":"boolean"},"def":{"maximum":16,"minimum":1,"multipleOf":1,"type":"integer"},"disk_size":{"maximum":1000,"minimum":100,"multipleOf":10,"type":"integer"},"image":{"pattern":"^[A-Za-z][-A-Za-z0-9_.]*$","type":"string"},"max":{"maximum":16,"minimum":1,"multipleOf":1,"type":"integer"},"memory":{"maximum":16384,"minimum":512,"multipleOf":512,"type":"integer"},"min":{"maximum":16,"minimum":1,"multipleOf":1,"type":"integer"},"name":{"pattern":"^[A-Za-z][-A-Za-z0-9_]*$","type":"string"},"vcpus":{"maximum":16,"minimum":2,"multipleOf":2,"type":"integer"},"vdu1_vnfc1_mgmt":{"format":"ip-address","type":"string"},"vdu1_work_net":{"format":"ip-address","type":"string"},"vimval":{"enum":["SoftLayer","OpenStack"]},"vnfd_id":{"pattern":"^VNFD-[a-fA-F0-9]{8}-[a-fA-F0-9]{4}-[a-fA-F0-9]{4}-[a-fA-F0-9]{4}-[a-fA-F0-9]{12}$","type":"string"}},"required":["disk_size","dedval","vimval","min","vcpus","memory","image","max","def","vdu1_vnfc1_mgmt","vdu1_work_net","vnfd_id","name"],"type":"object"}
=== RUN   TestValidateInputParamAgainstParameterizedVnfd/2:Positive:_inputParamOptionalProps
{"additionalProperties":false,"properties":{"dedval":{"type":"boolean"},"def":{"maximum":16,"minimum":1,"multipleOf":1,"type":"integer"},"disk_size":{"maximum":1000,"minimum":100,"multipleOf":10,"type":"integer"},"haval":{"enum":["ActivePassive","ActiveActive"],"type":"string"},"image":{"pattern":"^[A-Za-z][-A-Za-z0-9_.]*$","type":"string"},"max":{"maximum":16,"minimum":1,"multipleOf":1,"type":"integer"},"memory":{"maximum":16384,"minimum":512,"multipleOf":512,"type":"integer"},"min":{"maximum":16,"minimum":1,"multipleOf":1,"type":"integer"},"name":{"pattern":"^[A-Za-z][-A-Za-z0-9_]*$","type":"string"},"vcpus":{"maximum":16,"minimum":2,"multipleOf":2,"type":"integer"},"vdu1_vnfc1_mgmt":{"format":"ip-address","type":"string"},"vdu1_work_net":{"format":"ip-address","type":"string"},"vimval":{"enum":["SoftLayer","OpenStack"]},"vnfd_id":{"pattern":"^VNFD-[a-fA-F0-9]{8}-[a-fA-F0-9]{4}-[a-fA-F0-9]{4}-[a-fA-F0-9]{4}-[a-fA-F0-9]{12}$","type":"string"}},"required":["memory","min","def","dedval","vimval","max","vdu1_vnfc1_mgmt","vcpus","disk_size","image","haval","vdu1_work_net","vnfd_id","name"],"type":"object"}
=== RUN   TestValidateInputParamAgainstParameterizedVnfd/3:Positive:_inputParamScaleMissing
{"additionalProperties":false,"properties":{"dedval":{"type":"boolean"},"disk_size":{"maximum":1000,"minimum":100,"multipleOf":10,"type":"integer"},"haval":{"enum":["ActivePassive","ActiveActive"],"type":"string"},"image":{"pattern":"^[A-Za-z][-A-Za-z0-9_.]*$","type":"string"},"memory":{"maximum":16384,"minimum":512,"multipleOf":512,"type":"integer"},"name":{"pattern":"^[A-Za-z][-A-Za-z0-9_]*$","type":"string"},"vcpus":{"maximum":16,"minimum":2,"multipleOf":2,"type":"integer"},"vdu1_vnfc1_mgmt":{"format":"ip-address","type":"string"},"vdu1_work_net":{"format":"ip-address","type":"string"},"vimval":{"enum":["SoftLayer","OpenStack"]},"vnfd_id":{"pattern":"^VNFD-[a-fA-F0-9]{8}-[a-fA-F0-9]{4}-[a-fA-F0-9]{4}-[a-fA-F0-9]{4}-[a-fA-F0-9]{12}$","type":"string"}},"required":["vimval","vdu1_vnfc1_mgmt","vdu1_work_net","vcpus","memory","disk_size","dedval","image","haval","vnfd_id","name"],"type":"object"}
=== RUN   TestValidateInputParamAgainstParameterizedVnfd/4:Positive:_inputParamsRequiredProps
{"additionalProperties":false,"properties":{"disk_size":{"maximum":1000,"minimum":100,"multipleOf":10,"type":"integer"},"image":{"pattern":"^[A-Za-z][-A-Za-z0-9_.]*$","type":"string"},"memory":{"maximum":16384,"minimum":512,"multipleOf":512,"type":"integer"},"name":{"pattern":"^[A-Za-z][-A-Za-z0-9_]*$","type":"string"},"vcpus":{"maximum":16,"minimum":2,"multipleOf":2,"type":"integer"},"vdu1_vnfc1_mgmt":{"format":"ip-address","type":"string"},"vdu1_work_net":{"format":"ip-address","type":"string"},"vnfd_id":{"pattern":"^VNFD-[a-fA-F0-9]{8}-[a-fA-F0-9]{4}-[a-fA-F0-9]{4}-[a-fA-F0-9]{4}-[a-fA-F0-9]{12}$","type":"string"}},"required":["vcpus","memory","disk_size","image","vdu1_vnfc1_mgmt","vdu1_work_net","vnfd_id","name"],"type":"object"}
=== RUN   TestValidateInputParamAgainstParameterizedVnfd/5:Positive:_inputParamSubnetPools
{"additionalProperties":false,"properties":{"dedval":{"type":"boolean"},"def":{"maximum":16,"minimum":1,"multipleOf":1,"type":"integer"},"disk_size":{"maximum":1000,"minimum":100,"multipleOf":10,"type":"integer"},"haval":{"enum":["ActivePassive","ActiveActive"],"type":"string"},"image":{"pattern":"^[A-Za-z][-A-Za-z0-9_.]*$","type":"string"},"max":{"maximum":16,"minimum":1,"multipleOf":1,"type":"integer"},"memory":{"maximum":16384,"minimum":512,"multipleOf":512,"type":"integer"},"min":{"maximum":16,"minimum":1,"multipleOf":1,"type":"integer"},"name":{"pattern":"^[A-Za-z][-A-Za-z0-9_]*$","type":"string"},"vcpus":{"maximum":16,"minimum":2,"multipleOf":2,"type":"integer"},"vdu1_vnfc1_mgmt":{"format":"ip-address","type":"string"},"vdu1_work_net":{"format":"ip-address","type":"string"},"vimval":{"enum":["SoftLayer","OpenStack"]},"vnfd_id":{"pattern":"^VNFD-[a-fA-F0-9]{8}-[a-fA-F0-9]{4}-[a-fA-F0-9]{4}-[a-fA-F0-9]{4}-[a-fA-F0-9]{12}$","type":"string"}},"required":["vdu1_work_net","memory","disk_size","vimval","min","def","vdu1_vnfc1_mgmt","vcpus","image","haval","dedval","max","vnfd_id","name"],"type":"object"}
=== RUN   TestValidateInputParamAgainstParameterizedVnfd/6:Negative:_inputParamInvalidDedicatedConstraint
{"additionalProperties":false,"properties":{"dedval":{"type":"boolean"},"def":{"maximum":16,"minimum":1,"multipleOf":1,"type":"integer"},"disk_size":{"maximum":1000,"minimum":100,"multipleOf":10,"type":"integer"},"haval":{"enum":["ActivePassive","ActiveActive"],"type":"string"},"image":{"pattern":"^[A-Za-z][-A-Za-z0-9_.]*$","type":"string"},"max":{"maximum":16,"minimum":1,"multipleOf":1,"type":"integer"},"memory":{"maximum":16384,"minimum":512,"multipleOf":512,"type":"integer"},"min":{"maximum":16,"minimum":1,"multipleOf":1,"type":"integer"},"name":{"pattern":"^[A-Za-z][-A-Za-z0-9_]*$","type":"string"},"vcpus":{"maximum":16,"minimum":2,"multipleOf":2,"type":"integer"},"vdu1_vnfc1_mgmt":{"format":"ip-address","type":"string"},"vdu1_work_net":{"format":"ip-address","type":"string"},"vimval":{"enum":["SoftLayer","OpenStack"]},"vnfd_id":{"pattern":"^VNFD-[a-fA-F0-9]{8}-[a-fA-F0-9]{4}-[a-fA-F0-9]{4}-[a-fA-F0-9]{4}-[a-fA-F0-9]{12}$","type":"string"}},"required":["dedval","max","def","vdu1_work_net","vcpus","memory","disk_size","image","haval","vimval","min","vdu1_vnfc1_mgmt","vnfd_id","name"],"type":"object"}
time="2020-01-16T16:13:48-06:00" level=error SchemaValidateInterfaceError="I[#/dedval] S[#/properties/dedval/type] expected boolean, but got string"
=== RUN   TestValidateInputParamAgainstParameterizedVnfd/7:Negative:_inputParamInvalidDiskSize
{"additionalProperties":false,"properties":{"dedval":{"type":"boolean"},"def":{"maximum":16,"minimum":1,"multipleOf":1,"type":"integer"},"disk_size":{"maximum":1000,"minimum":100,"multipleOf":10,"type":"integer"},"haval":{"enum":["ActivePassive","ActiveActive"],"type":"string"},"image":{"pattern":"^[A-Za-z][-A-Za-z0-9_.]*$","type":"string"},"max":{"maximum":16,"minimum":1,"multipleOf":1,"type":"integer"},"memory":{"maximum":16384,"minimum":512,"multipleOf":512,"type":"integer"},"min":{"maximum":16,"minimum":1,"multipleOf":1,"type":"integer"},"name":{"pattern":"^[A-Za-z][-A-Za-z0-9_]*$","type":"string"},"vcpus":{"maximum":16,"minimum":2,"multipleOf":2,"type":"integer"},"vdu1_vnfc1_mgmt":{"format":"ip-address","type":"string"},"vdu1_work_net":{"format":"ip-address","type":"string"},"vimval":{"enum":["SoftLayer","OpenStack"]},"vnfd_id":{"pattern":"^VNFD-[a-fA-F0-9]{8}-[a-fA-F0-9]{4}-[a-fA-F0-9]{4}-[a-fA-F0-9]{4}-[a-fA-F0-9]{12}$","type":"string"}},"required":["vdu1_vnfc1_mgmt","vcpus","memory","image","dedval","min","max","def","disk_size","haval","vimval","vdu1_work_net","vnfd_id","name"],"type":"object"}
time="2020-01-16T16:13:48-06:00" level=error SchemaValidateInterfaceError="I[#/disk_size] S[#/properties/disk_size/multipleOf] 125 not multipleOf 10"
=== RUN   TestValidateInputParamAgainstParameterizedVnfd/8:Negative:_inputParamInvalidHA
{"additionalProperties":false,"properties":{"dedval":{"type":"boolean"},"def":{"maximum":16,"minimum":1,"multipleOf":1,"type":"integer"},"disk_size":{"maximum":1000,"minimum":100,"multipleOf":10,"type":"integer"},"haval":{"enum":["ActivePassive","ActiveActive"],"type":"string"},"image":{"pattern":"^[A-Za-z][-A-Za-z0-9_.]*$","type":"string"},"max":{"maximum":16,"minimum":1,"multipleOf":1,"type":"integer"},"memory":{"maximum":16384,"minimum":512,"multipleOf":512,"type":"integer"},"min":{"maximum":16,"minimum":1,"multipleOf":1,"type":"integer"},"name":{"pattern":"^[A-Za-z][-A-Za-z0-9_]*$","type":"string"},"vcpus":{"maximum":16,"minimum":2,"multipleOf":2,"type":"integer"},"vdu1_vnfc1_mgmt":{"format":"ip-address","type":"string"},"vdu1_work_net":{"format":"ip-address","type":"string"},"vimval":{"enum":["SoftLayer","OpenStack"]},"vnfd_id":{"pattern":"^VNFD-[a-fA-F0-9]{8}-[a-fA-F0-9]{4}-[a-fA-F0-9]{4}-[a-fA-F0-9]{4}-[a-fA-F0-9]{12}$","type":"string"}},"required":["memory","min","def","max","vdu1_vnfc1_mgmt","vcpus","disk_size","image","haval","dedval","vimval","vdu1_work_net","vnfd_id","name"],"type":"object"}
time="2020-01-16T16:13:48-06:00" level=error SchemaValidateInterfaceError="I[#/haval] S[#/properties/haval/enum] value must be one of \"ActivePassive\", \"ActiveActive\""
=== RUN   TestValidateInputParamAgainstParameterizedVnfd/9:Negative:_inputParamInvalidImageName
{"additionalProperties":false,"properties":{"dedval":{"type":"boolean"},"def":{"maximum":16,"minimum":1,"multipleOf":1,"type":"integer"},"disk_size":{"maximum":1000,"minimum":100,"multipleOf":10,"type":"integer"},"haval":{"enum":["ActivePassive","ActiveActive"],"type":"string"},"image":{"pattern":"^[A-Za-z][-A-Za-z0-9_.]*$","type":"string"},"max":{"maximum":16,"minimum":1,"multipleOf":1,"type":"integer"},"memory":{"maximum":16384,"minimum":512,"multipleOf":512,"type":"integer"},"min":{"maximum":16,"minimum":1,"multipleOf":1,"type":"integer"},"name":{"pattern":"^[A-Za-z][-A-Za-z0-9_]*$","type":"string"},"vcpus":{"maximum":16,"minimum":2,"multipleOf":2,"type":"integer"},"vdu1_vnfc1_mgmt":{"format":"ip-address","type":"string"},"vdu1_work_net":{"format":"ip-address","type":"string"},"vimval":{"enum":["SoftLayer","OpenStack"]},"vnfd_id":{"pattern":"^VNFD-[a-fA-F0-9]{8}-[a-fA-F0-9]{4}-[a-fA-F0-9]{4}-[a-fA-F0-9]{4}-[a-fA-F0-9]{12}$","type":"string"}},"required":["image","dedval","vimval","def","vdu1_vnfc1_mgmt","vdu1_work_net","vcpus","disk_size","min","max","memory","haval","vnfd_id","name"],"type":"object"}
time="2020-01-16T16:13:48-06:00" level=error SchemaValidateInterfaceError="I[#/image] S[#/properties/image/pattern] does not match pattern \"^[A-Za-z][-A-Za-z0-9_.]*$\""
=== RUN   TestValidateInputParamAgainstParameterizedVnfd/10:Negative:_inputParamInvalidIPAddress
{"additionalProperties":false,"properties":{"dedval":{"type":"boolean"},"def":{"maximum":16,"minimum":1,"multipleOf":1,"type":"integer"},"disk_size":{"maximum":1000,"minimum":100,"multipleOf":10,"type":"integer"},"haval":{"enum":["ActivePassive","ActiveActive"],"type":"string"},"image":{"pattern":"^[A-Za-z][-A-Za-z0-9_.]*$","type":"string"},"max":{"maximum":16,"minimum":1,"multipleOf":1,"type":"integer"},"memory":{"maximum":16384,"minimum":512,"multipleOf":512,"type":"integer"},"min":{"maximum":16,"minimum":1,"multipleOf":1,"type":"integer"},"name":{"pattern":"^[A-Za-z][-A-Za-z0-9_]*$","type":"string"},"vcpus":{"maximum":16,"minimum":2,"multipleOf":2,"type":"integer"},"vdu1_vnfc1_mgmt":{"format":"ip-address","type":"string"},"vdu1_work_net":{"format":"ip-address","type":"string"},"vimval":{"enum":["SoftLayer","OpenStack"]},"vnfd_id":{"pattern":"^VNFD-[a-fA-F0-9]{8}-[a-fA-F0-9]{4}-[a-fA-F0-9]{4}-[a-fA-F0-9]{4}-[a-fA-F0-9]{12}$","type":"string"}},"required":["def","vdu1_vnfc1_mgmt","vdu1_work_net","vcpus","disk_size","dedval","max","min","memory","image","haval","vimval","vnfd_id","name"],"type":"object"}
time="2020-01-16T16:13:48-06:00" level=error SchemaValidateInterfaceError="I[#/vdu1_vnfc1_mgmt] S[#/properties/vdu1_vnfc1_mgmt/format] \"10.12.12.362\" is not valid \"ip-address\""
=== RUN   TestValidateInputParamAgainstParameterizedVnfd/11:Negative:_inputParamInvalidMemory
{"additionalProperties":false,"properties":{"dedval":{"type":"boolean"},"def":{"maximum":16,"minimum":1,"multipleOf":1,"type":"integer"},"disk_size":{"maximum":1000,"minimum":100,"multipleOf":10,"type":"integer"},"haval":{"enum":["ActivePassive","ActiveActive"],"type":"string"},"image":{"pattern":"^[A-Za-z][-A-Za-z0-9_.]*$","type":"string"},"max":{"maximum":16,"minimum":1,"multipleOf":1,"type":"integer"},"memory":{"maximum":16384,"minimum":512,"multipleOf":512,"type":"integer"},"min":{"maximum":16,"minimum":1,"multipleOf":1,"type":"integer"},"name":{"pattern":"^[A-Za-z][-A-Za-z0-9_]*$","type":"string"},"vcpus":{"maximum":16,"minimum":2,"multipleOf":2,"type":"integer"},"vdu1_vnfc1_mgmt":{"format":"ip-address","type":"string"},"vdu1_work_net":{"format":"ip-address","type":"string"},"vimval":{"enum":["SoftLayer","OpenStack"]},"vnfd_id":{"pattern":"^VNFD-[a-fA-F0-9]{8}-[a-fA-F0-9]{4}-[a-fA-F0-9]{4}-[a-fA-F0-9]{4}-[a-fA-F0-9]{12}$","type":"string"}},"required":["min","vdu1_vnfc1_mgmt","vdu1_work_net","vcpus","image","dedval","vimval","def","memory","disk_size","haval","max","vnfd_id","name"],"type":"object"}
time="2020-01-16T16:13:48-06:00" level=error SchemaValidateInterfaceError="I[#/memory] S[#/properties/memory/multipleOf] 5123 not multipleOf 512"
=== RUN   TestValidateInputParamAgainstParameterizedVnfd/12:Negative:_inputParamInvalidMinScale
{"additionalProperties":false,"properties":{"dedval":{"type":"boolean"},"def":{"maximum":16,"minimum":1,"multipleOf":1,"type":"integer"},"disk_size":{"maximum":1000,"minimum":100,"multipleOf":10,"type":"integer"},"haval":{"enum":["ActivePassive","ActiveActive"],"type":"string"},"image":{"pattern":"^[A-Za-z][-A-Za-z0-9_.]*$","type":"string"},"max":{"maximum":16,"minimum":1,"multipleOf":1,"type":"integer"},"memory":{"maximum":16384,"minimum":512,"multipleOf":512,"type":"integer"},"min":{"maximum":16,"minimum":1,"multipleOf":1,"type":"integer"},"name":{"pattern":"^[A-Za-z][-A-Za-z0-9_]*$","type":"string"},"vcpus":{"maximum":16,"minimum":2,"multipleOf":2,"type":"integer"},"vdu1_vnfc1_mgmt":{"format":"ip-address","type":"string"},"vdu1_work_net":{"format":"ip-address","type":"string"},"vimval":{"enum":["SoftLayer","OpenStack"]},"vnfd_id":{"pattern":"^VNFD-[a-fA-F0-9]{8}-[a-fA-F0-9]{4}-[a-fA-F0-9]{4}-[a-fA-F0-9]{4}-[a-fA-F0-9]{12}$","type":"string"}},"required":["haval","dedval","vdu1_work_net","memory","disk_size","vimval","min","max","def","vdu1_vnfc1_mgmt","vcpus","image","vnfd_id","name"],"type":"object"}
time="2020-01-16T16:13:48-06:00" level=error SchemaValidateInterfaceError="I[#/min] S[#/properties/min/type] expected integer, but got string"
=== RUN   TestValidateInputParamAgainstParameterizedVnfd/13:Negative:_inputParamInvalidName
{"additionalProperties":false,"properties":{"dedval":{"type":"boolean"},"def":{"maximum":16,"minimum":1,"multipleOf":1,"type":"integer"},"disk_size":{"maximum":1000,"minimum":100,"multipleOf":10,"type":"integer"},"haval":{"enum":["ActivePassive","ActiveActive"],"type":"string"},"image":{"pattern":"^[A-Za-z][-A-Za-z0-9_.]*$","type":"string"},"max":{"maximum":16,"minimum":1,"multipleOf":1,"type":"integer"},"memory":{"maximum":16384,"minimum":512,"multipleOf":512,"type":"integer"},"min":{"maximum":16,"minimum":1,"multipleOf":1,"type":"integer"},"name":{"pattern":"^[A-Za-z][-A-Za-z0-9_]*$","type":"string"},"vcpus":{"maximum":16,"minimum":2,"multipleOf":2,"type":"integer"},"vdu1_vnfc1_mgmt":{"format":"ip-address","type":"string"},"vdu1_work_net":{"format":"ip-address","type":"string"},"vimval":{"enum":["SoftLayer","OpenStack"]},"vnfd_id":{"pattern":"^VNFD-[a-fA-F0-9]{8}-[a-fA-F0-9]{4}-[a-fA-F0-9]{4}-[a-fA-F0-9]{4}-[a-fA-F0-9]{12}$","type":"string"}},"required":["vdu1_work_net","dedval","vimval","max","def","vdu1_vnfc1_mgmt","min","vcpus","memory","disk_size","image","haval","vnfd_id","name"],"type":"object"}
time="2020-01-16T16:13:48-06:00" level=error SchemaValidateInterfaceError="I[#/name] S[#/properties/name/pattern] does not match pattern \"^[A-Za-z][-A-Za-z0-9_]*$\""
=== RUN   TestValidateInputParamAgainstParameterizedVnfd/14:Negative:_inputParamInvalidVcpus
{"additionalProperties":false,"properties":{"dedval":{"type":"boolean"},"def":{"maximum":16,"minimum":1,"multipleOf":1,"type":"integer"},"disk_size":{"maximum":1000,"minimum":100,"multipleOf":10,"type":"integer"},"haval":{"enum":["ActivePassive","ActiveActive"],"type":"string"},"image":{"pattern":"^[A-Za-z][-A-Za-z0-9_.]*$","type":"string"},"max":{"maximum":16,"minimum":1,"multipleOf":1,"type":"integer"},"memory":{"maximum":16384,"minimum":512,"multipleOf":512,"type":"integer"},"min":{"maximum":16,"minimum":1,"multipleOf":1,"type":"integer"},"name":{"pattern":"^[A-Za-z][-A-Za-z0-9_]*$","type":"string"},"vcpus":{"maximum":16,"minimum":2,"multipleOf":2,"type":"integer"},"vdu1_vnfc1_mgmt":{"format":"ip-address","type":"string"},"vdu1_work_net":{"format":"ip-address","type":"string"},"vimval":{"enum":["SoftLayer","OpenStack"]},"vnfd_id":{"pattern":"^VNFD-[a-fA-F0-9]{8}-[a-fA-F0-9]{4}-[a-fA-F0-9]{4}-[a-fA-F0-9]{4}-[a-fA-F0-9]{12}$","type":"string"}},"required":["image","haval","dedval","vimval","max","vdu1_work_net","vcpus","memory","disk_size","min","def","vdu1_vnfc1_mgmt","vnfd_id","name"],"type":"object"}
time="2020-01-16T16:13:48-06:00" level=error SchemaValidateInterfaceError="I[#/vcpus] S[#/properties/vcpus/multipleOf] 5 not multipleOf 2"
=== RUN   TestValidateInputParamAgainstParameterizedVnfd/15:Negative:_inputParamInvalidVimConstraint
{"additionalProperties":false,"properties":{"dedval":{"type":"boolean"},"def":{"maximum":16,"minimum":1,"multipleOf":1,"type":"integer"},"disk_size":{"maximum":1000,"minimum":100,"multipleOf":10,"type":"integer"},"haval":{"enum":["ActivePassive","ActiveActive"],"type":"string"},"image":{"pattern":"^[A-Za-z][-A-Za-z0-9_.]*$","type":"string"},"max":{"maximum":16,"minimum":1,"multipleOf":1,"type":"integer"},"memory":{"maximum":16384,"minimum":512,"multipleOf":512,"type":"integer"},"min":{"maximum":16,"minimum":1,"multipleOf":1,"type":"integer"},"name":{"pattern":"^[A-Za-z][-A-Za-z0-9_]*$","type":"string"},"vcpus":{"maximum":16,"minimum":2,"multipleOf":2,"type":"integer"},"vdu1_vnfc1_mgmt":{"format":"ip-address","type":"string"},"vdu1_work_net":{"format":"ip-address","type":"string"},"vimval":{"enum":["SoftLayer","OpenStack"]},"vnfd_id":{"pattern":"^VNFD-[a-fA-F0-9]{8}-[a-fA-F0-9]{4}-[a-fA-F0-9]{4}-[a-fA-F0-9]{4}-[a-fA-F0-9]{12}$","type":"string"}},"required":["max","def","vdu1_vnfc1_mgmt","memory","image","haval","dedval","min","vdu1_work_net","vcpus","disk_size","vimval","vnfd_id","name"],"type":"object"}
time="2020-01-16T16:13:48-06:00" level=error SchemaValidateInterfaceError="I[#/vimval] S[#/properties/vimval/enum] value must be one of \"SoftLayer\", \"OpenStack\""
=== RUN   TestValidateInputParamAgainstParameterizedVnfd/16:Negative:_inputParamInvalidVnfdIDFormat
{"additionalProperties":false,"properties":{"dedval":{"type":"boolean"},"def":{"maximum":16,"minimum":1,"multipleOf":1,"type":"integer"},"disk_size":{"maximum":1000,"minimum":100,"multipleOf":10,"type":"integer"},"haval":{"enum":["ActivePassive","ActiveActive"],"type":"string"},"image":{"pattern":"^[A-Za-z][-A-Za-z0-9_.]*$","type":"string"},"max":{"maximum":16,"minimum":1,"multipleOf":1,"type":"integer"},"memory":{"maximum":16384,"minimum":512,"multipleOf":512,"type":"integer"},"min":{"maximum":16,"minimum":1,"multipleOf":1,"type":"integer"},"name":{"pattern":"^[A-Za-z][-A-Za-z0-9_]*$","type":"string"},"vcpus":{"maximum":16,"minimum":2,"multipleOf":2,"type":"integer"},"vdu1_vnfc1_mgmt":{"format":"ip-address","type":"string"},"vdu1_work_net":{"format":"ip-address","type":"string"},"vimval":{"enum":["SoftLayer","OpenStack"]},"vnfd_id":{"pattern":"^VNFD-[a-fA-F0-9]{8}-[a-fA-F0-9]{4}-[a-fA-F0-9]{4}-[a-fA-F0-9]{4}-[a-fA-F0-9]{12}$","type":"string"}},"required":["disk_size","image","dedval","vimval","min","vdu1_vnfc1_mgmt","vcpus","memory","def","vdu1_work_net","haval","max","vnfd_id","name"],"type":"object"}
time="2020-01-16T16:13:48-06:00" level=error SchemaValidateInterfaceError="I[#/vnfd_id] S[#/properties/vnfd_id/pattern] does not match pattern \"^VNFD-[a-fA-F0-9]{8}-[a-fA-F0-9]{4}-[a-fA-F0-9]{4}-[a-fA-F0-9]{4}-[a-fA-F0-9]{12}$\""
--- PASS: TestValidateInputParamAgainstParameterizedVnfd (0.04s)
    --- PASS: TestValidateInputParamAgainstParameterizedVnfd/0:Positive:_inputParamConstraintsMissing (0.00s)
    --- PASS: TestValidateInputParamAgainstParameterizedVnfd/1:Positive:_inputParamHAMissing (0.00s)
    --- PASS: TestValidateInputParamAgainstParameterizedVnfd/2:Positive:_inputParamOptionalProps (0.00s)
    --- PASS: TestValidateInputParamAgainstParameterizedVnfd/3:Positive:_inputParamScaleMissing (0.00s)
    --- PASS: TestValidateInputParamAgainstParameterizedVnfd/4:Positive:_inputParamsRequiredProps (0.00s)
    --- PASS: TestValidateInputParamAgainstParameterizedVnfd/5:Positive:_inputParamSubnetPools (0.00s)
    --- PASS: TestValidateInputParamAgainstParameterizedVnfd/6:Negative:_inputParamInvalidDedicatedConstraint (0.00s)
        utils_test.go:317: I[#/dedval] S[#/properties/dedval/type] expected boolean, but got string
    --- PASS: TestValidateInputParamAgainstParameterizedVnfd/7:Negative:_inputParamInvalidDiskSize (0.00s)
        utils_test.go:317: I[#/disk_size] S[#/properties/disk_size/multipleOf] 125 not multipleOf 10
    --- PASS: TestValidateInputParamAgainstParameterizedVnfd/8:Negative:_inputParamInvalidHA (0.00s)
        utils_test.go:317: I[#/haval] S[#/properties/haval/enum] value must be one of "ActivePassive", "ActiveActive"
    --- PASS: TestValidateInputParamAgainstParameterizedVnfd/9:Negative:_inputParamInvalidImageName (0.00s)
        utils_test.go:317: I[#/image] S[#/properties/image/pattern] does not match pattern "^[A-Za-z][-A-Za-z0-9_.]*$"
    --- PASS: TestValidateInputParamAgainstParameterizedVnfd/10:Negative:_inputParamInvalidIPAddress (0.00s)
        utils_test.go:317: I[#/vdu1_vnfc1_mgmt] S[#/properties/vdu1_vnfc1_mgmt/format] "10.12.12.362" is not valid "ip-address"
    --- PASS: TestValidateInputParamAgainstParameterizedVnfd/11:Negative:_inputParamInvalidMemory (0.00s)
        utils_test.go:317: I[#/memory] S[#/properties/memory/multipleOf] 5123 not multipleOf 512
    --- PASS: TestValidateInputParamAgainstParameterizedVnfd/12:Negative:_inputParamInvalidMinScale (0.00s)
        utils_test.go:317: I[#/min] S[#/properties/min/type] expected integer, but got string
    --- PASS: TestValidateInputParamAgainstParameterizedVnfd/13:Negative:_inputParamInvalidName (0.00s)
        utils_test.go:317: I[#/name] S[#/properties/name/pattern] does not match pattern "^[A-Za-z][-A-Za-z0-9_]*$"
    --- PASS: TestValidateInputParamAgainstParameterizedVnfd/14:Negative:_inputParamInvalidVcpus (0.00s)
        utils_test.go:317: I[#/vcpus] S[#/properties/vcpus/multipleOf] 5 not multipleOf 2
    --- PASS: TestValidateInputParamAgainstParameterizedVnfd/15:Negative:_inputParamInvalidVimConstraint (0.00s)
        utils_test.go:317: I[#/vimval] S[#/properties/vimval/enum] value must be one of "SoftLayer", "OpenStack"
    --- PASS: TestValidateInputParamAgainstParameterizedVnfd/16:Negative:_inputParamInvalidVnfdIDFormat (0.00s)
        utils_test.go:317: I[#/vnfd_id] S[#/properties/vnfd_id/pattern] does not match pattern "^VNFD-[a-fA-F0-9]{8}-[a-fA-F0-9]{4}-[a-fA-F0-9]{4}-[a-fA-F0-9]{4}-[a-fA-F0-9]{12}$"
PASS
coverage: 80.3% of statements
ok  	github.com/vishwanathj/protovnfdparser/pkg/utils	0.121s	coverage: 80.3% of statements
